<?xml version="1.0" encoding="UTF-8"?>
<!-- Generated by org.testng.reporters.JUnitReportReporter -->
<testsuite hostname="DESKTOP-62U3C5E" failures="0" tests="1" name="cucumber.Options.TestRunner" time="27.358" errors="1" timestamp="2023-03-01T16:14:59 IST" skipped="0">
  <testcase classname="cucumber.Options.TestRunner" name="runScenario" time="27.358">
    <error message="Cannot invoke &quot;org.openqa.selenium.WebDriver.close()&quot; because &quot;this.driver&quot; is null" type="java.lang.NullPointerException">
      <![CDATA[java.lang.NullPointerException: Cannot invoke "org.openqa.selenium.WebDriver.close()" because "this.driver" is null
at stepDefinitions.Hooks.tearDown(Hooks.java:31)
]]>
    </error>
  </testcase> <!-- runScenario -->
  <system-out/>
</testsuite> <!-- cucumber.Options.TestRunner -->
