<?xml version="1.0" encoding="UTF-8"?>
<!-- Generated by org.testng.reporters.JUnitReportReporter -->
<testsuite hostname="DESKTOP-62U3C5E" failures="0" tests="1" name="cucumber.Options.TestRunner" time="25.141" errors="0" timestamp="2023-03-02T15:41:48 IST" skipped="0">
  <testcase classname="cucumber.Options.TestRunner" name="runScenario" time="25.141"/>
  <system-out/>
</testsuite> <!-- cucumber.Options.TestRunner -->
